<?xml version="1.0" encoding="UTF-8"?>
<testng-results skipped="0" failed="0" ignored="0" total="1" passed="1">
  <reporter-output>
  </reporter-output>
  <suite name="Parameterization Test Suite" duration-ms="16031" started-at="2020-01-06T17:52:06 IST" finished-at="2020-01-06T17:52:22 IST">
    <groups>
    </groups>
    <test name="TestCase1" duration-ms="16031" started-at="2020-01-06T17:52:06 IST" finished-at="2020-01-06T17:52:22 IST">
      <class name="com.angel.TestScripts.TestCase">
        <test-method status="PASS" signature="setup(java.lang.String, java.lang.String)[pri:0, instance:com.angel.TestScripts.TestCase@cb51256]" name="setup" is-config="true" duration-ms="580" started-at="2020-01-06T17:52:06 IST" finished-at="2020-01-06T17:52:06 IST">
          <params>
            <param index="0">
              <value>
                <![CDATA[TC001]]>
              </value>
            </param>
            <param index="1">
              <value>
                <![CDATA[Testdata]]>
              </value>
            </param>
          </params>
          <reporter-output>
          </reporter-output>
        </test-method> <!-- setup -->
        <test-method status="PASS" signature="TC1()[pri:0, instance:com.angel.TestScripts.TestCase@cb51256]" name="TC1" duration-ms="15421" started-at="2020-01-06T17:52:06 IST" finished-at="2020-01-06T17:52:22 IST">
          <reporter-output>
          </reporter-output>
        </test-method> <!-- TC1 -->
        <test-method status="PASS" signature="close(org.testng.ITestContext)[pri:0, instance:com.angel.TestScripts.TestCase@cb51256]" name="close" is-config="true" duration-ms="1" started-at="2020-01-06T17:52:22 IST" finished-at="2020-01-06T17:52:22 IST">
          <params>
            <param index="0">
              <value>
                <![CDATA[org.testng.TestRunner@255990cc]]>
              </value>
            </param>
          </params>
          <reporter-output>
          </reporter-output>
        </test-method> <!-- close -->
      </class> <!-- com.angel.TestScripts.TestCase -->
    </test> <!-- TestCase1 -->
  </suite> <!-- Parameterization Test Suite -->
</testng-results>
